140817 23:57:37 [Note] Plugin 'FEDERATED' is disabled.
140817 23:57:39 InnoDB: The InnoDB memory heap is disabled
140817 23:57:39 InnoDB: Mutexes and rw_locks use Windows interlocked functions
140817 23:57:39 InnoDB: Compressed tables use zlib 1.2.3
140817 23:57:40 InnoDB: Initializing buffer pool, size = 128.0M
140817 23:57:41 InnoDB: Completed initialization of buffer pool
140817 23:57:43 InnoDB: highest supported file format is Barracuda.
InnoDB: The log sequence number in ibdata files does not match
InnoDB: the log sequence number in the ib_logfiles!
140817 23:57:43  InnoDB: Database was not shut down normally!
InnoDB: Starting crash recovery.
InnoDB: Reading tablespace information from the .ibd files...
InnoDB: Restoring possible half-written data pages from the doublewrite
InnoDB: buffer...
140817 23:57:58  InnoDB: Waiting for the background threads to start
140817 23:58:00 InnoDB: 1.1.8 started; log sequence number 10921367
140817 23:58:00 [Note] Server hostname (bind-address): '127.0.0.1'; port: 3306
140817 23:58:00 [Note]   - '127.0.0.1' resolves to '127.0.0.1';
140817 23:58:00 [Note] Server socket created on IP: '127.0.0.1'.
140817 23:58:01 [Note] Event Scheduler: Loaded 0 events
140817 23:58:01 [Note] \usr\local\mysql-5.5\bin\mysqld.exe: ready for connections.
Version: '5.5.25'  socket: ''  port: 3306  MySQL Community Server (GPL)
140818  0:03:39 [Note] Plugin 'FEDERATED' is disabled.
140818  0:03:39 InnoDB: The InnoDB memory heap is disabled
140818  0:03:39 InnoDB: Mutexes and rw_locks use Windows interlocked functions
140818  0:03:39 InnoDB: Compressed tables use zlib 1.2.3
140818  0:03:40 InnoDB: Initializing buffer pool, size = 128.0M
140818  0:03:40 InnoDB: Completed initialization of buffer pool
140818  0:03:41 InnoDB: highest supported file format is Barracuda.
InnoDB: The log sequence number in ibdata files does not match
InnoDB: the log sequence number in the ib_logfiles!
140818  0:03:41  InnoDB: Database was not shut down normally!
InnoDB: Starting crash recovery.
InnoDB: Reading tablespace information from the .ibd files...
InnoDB: Restoring possible half-written data pages from the doublewrite
InnoDB: buffer...
140818  0:03:55  InnoDB: Waiting for the background threads to start
140818  0:03:57 InnoDB: 1.1.8 started; log sequence number 10921367
140818  0:03:57 [Note] Server hostname (bind-address): '127.0.0.1'; port: 3306
140818  0:03:57 [Note]   - '127.0.0.1' resolves to '127.0.0.1';
140818  0:03:57 [Note] Server socket created on IP: '127.0.0.1'.
140818  0:03:57 [Note] Event Scheduler: Loaded 0 events
140818  0:03:57 [Note] \usr\local\mysql-5.5\bin\mysqld.exe: ready for connections.
Version: '5.5.25'  socket: ''  port: 3306  MySQL Community Server (GPL)
140819 23:23:26 [Note] Plugin 'FEDERATED' is disabled.
140819 23:23:26 InnoDB: The InnoDB memory heap is disabled
140819 23:23:26 InnoDB: Mutexes and rw_locks use Windows interlocked functions
140819 23:23:26 InnoDB: Compressed tables use zlib 1.2.3
140819 23:23:26 InnoDB: Initializing buffer pool, size = 128.0M
140819 23:23:26 InnoDB: Completed initialization of buffer pool
140819 23:23:26 InnoDB: highest supported file format is Barracuda.
InnoDB: The log sequence number in ibdata files does not match
InnoDB: the log sequence number in the ib_logfiles!
140819 23:23:26  InnoDB: Database was not shut down normally!
InnoDB: Starting crash recovery.
InnoDB: Reading tablespace information from the .ibd files...
InnoDB: Restoring possible half-written data pages from the doublewrite
InnoDB: buffer...
140819 23:23:30  InnoDB: Waiting for the background threads to start
140819 23:23:31 InnoDB: 1.1.8 started; log sequence number 10921367
140819 23:23:31 [Note] Server hostname (bind-address): '127.0.0.1'; port: 3306
140819 23:23:31 [Note]   - '127.0.0.1' resolves to '127.0.0.1';
140819 23:23:31 [Note] Server socket created on IP: '127.0.0.1'.
140819 23:23:32 [Note] Event Scheduler: Loaded 0 events
140819 23:23:32 [Note] \usr\local\mysql-5.5\bin\mysqld.exe: ready for connections.
Version: '5.5.25'  socket: ''  port: 3306  MySQL Community Server (GPL)
140820  0:00:12 [Note] Plugin 'FEDERATED' is disabled.
140820  0:00:12 InnoDB: The InnoDB memory heap is disabled
140820  0:00:12 InnoDB: Mutexes and rw_locks use Windows interlocked functions
140820  0:00:12 InnoDB: Compressed tables use zlib 1.2.3
140820  0:00:12 InnoDB: Initializing buffer pool, size = 128.0M
140820  0:00:12 InnoDB: Completed initialization of buffer pool
140820  0:00:12 InnoDB: highest supported file format is Barracuda.
InnoDB: The log sequence number in ibdata files does not match
InnoDB: the log sequence number in the ib_logfiles!
140820  0:00:12  InnoDB: Database was not shut down normally!
InnoDB: Starting crash recovery.
InnoDB: Reading tablespace information from the .ibd files...
InnoDB: Restoring possible half-written data pages from the doublewrite
InnoDB: buffer...
140820  0:00:14  InnoDB: Waiting for the background threads to start
140820  0:00:15 InnoDB: 1.1.8 started; log sequence number 10921367
140820  0:00:15 [Note] Server hostname (bind-address): '127.0.0.1'; port: 3306
140820  0:00:15 [Note]   - '127.0.0.1' resolves to '127.0.0.1';
140820  0:00:15 [Note] Server socket created on IP: '127.0.0.1'.
140820  0:00:16 [Note] Event Scheduler: Loaded 0 events
140820  0:00:16 [Note] \usr\local\mysql-5.5\bin\mysqld.exe: ready for connections.
Version: '5.5.25'  socket: ''  port: 3306  MySQL Community Server (GPL)
140820  0:04:57 [Note] Plugin 'FEDERATED' is disabled.
140820  0:04:57 InnoDB: The InnoDB memory heap is disabled
140820  0:04:57 InnoDB: Mutexes and rw_locks use Windows interlocked functions
140820  0:04:57 InnoDB: Compressed tables use zlib 1.2.3
140820  0:04:57 InnoDB: Initializing buffer pool, size = 128.0M
140820  0:04:57 InnoDB: Completed initialization of buffer pool
140820  0:04:57 InnoDB: highest supported file format is Barracuda.
InnoDB: The log sequence number in ibdata files does not match
InnoDB: the log sequence number in the ib_logfiles!
140820  0:04:58  InnoDB: Database was not shut down normally!
InnoDB: Starting crash recovery.
InnoDB: Reading tablespace information from the .ibd files...
InnoDB: Restoring possible half-written data pages from the doublewrite
InnoDB: buffer...
140820  0:05:00  InnoDB: Waiting for the background threads to start
140820  0:05:01 InnoDB: 1.1.8 started; log sequence number 10921367
140820  0:05:01 [Note] Server hostname (bind-address): '127.0.0.1'; port: 3306
140820  0:05:01 [Note]   - '127.0.0.1' resolves to '127.0.0.1';
140820  0:05:01 [Note] Server socket created on IP: '127.0.0.1'.
140820  0:05:01 [Note] Event Scheduler: Loaded 0 events
140820  0:05:01 [Note] \usr\local\mysql-5.5\bin\mysqld.exe: ready for connections.
Version: '5.5.25'  socket: ''  port: 3306  MySQL Community Server (GPL)
140820  0:07:13 [Note] Plugin 'FEDERATED' is disabled.
140820  0:07:13 InnoDB: The InnoDB memory heap is disabled
140820  0:07:13 InnoDB: Mutexes and rw_locks use Windows interlocked functions
140820  0:07:13 InnoDB: Compressed tables use zlib 1.2.3
140820  0:07:13 InnoDB: Initializing buffer pool, size = 128.0M
140820  0:07:13 InnoDB: Completed initialization of buffer pool
140820  0:07:13 InnoDB: highest supported file format is Barracuda.
InnoDB: The log sequence number in ibdata files does not match
InnoDB: the log sequence number in the ib_logfiles!
140820  0:07:13  InnoDB: Database was not shut down normally!
InnoDB: Starting crash recovery.
InnoDB: Reading tablespace information from the .ibd files...
InnoDB: Restoring possible half-written data pages from the doublewrite
InnoDB: buffer...
140820  0:07:14  InnoDB: Waiting for the background threads to start
140820  0:07:15 InnoDB: 1.1.8 started; log sequence number 10921367
140820  0:07:15 [Note] Server hostname (bind-address): '127.0.0.1'; port: 3306
140820  0:07:15 [Note]   - '127.0.0.1' resolves to '127.0.0.1';
140820  0:07:15 [Note] Server socket created on IP: '127.0.0.1'.
140820  0:07:15 [Note] Event Scheduler: Loaded 0 events
140820  0:07:15 [Note] \usr\local\mysql-5.5\bin\mysqld.exe: ready for connections.
Version: '5.5.25'  socket: ''  port: 3306  MySQL Community Server (GPL)
140823  0:55:06 [Note] Plugin 'FEDERATED' is disabled.
140823  0:55:09 InnoDB: The InnoDB memory heap is disabled
140823  0:55:09 InnoDB: Mutexes and rw_locks use Windows interlocked functions
140823  0:55:09 InnoDB: Compressed tables use zlib 1.2.3
140823  0:55:10 InnoDB: Initializing buffer pool, size = 128.0M
140823  0:55:10 InnoDB: Completed initialization of buffer pool
140823  0:55:13 InnoDB: highest supported file format is Barracuda.
InnoDB: The log sequence number in ibdata files does not match
InnoDB: the log sequence number in the ib_logfiles!
140823  0:55:13  InnoDB: Database was not shut down normally!
InnoDB: Starting crash recovery.
InnoDB: Reading tablespace information from the .ibd files...
InnoDB: Restoring possible half-written data pages from the doublewrite
InnoDB: buffer...
140823  0:55:28  InnoDB: Waiting for the background threads to start
140823  0:55:29 InnoDB: 1.1.8 started; log sequence number 11408055
140823  0:55:30 [Note] Server hostname (bind-address): '127.0.0.1'; port: 3306
140823  0:55:30 [Note]   - '127.0.0.1' resolves to '127.0.0.1';
140823  0:55:30 [Note] Server socket created on IP: '127.0.0.1'.
140823  0:55:31 [Note] Event Scheduler: Loaded 0 events
140823  0:55:31 [Note] \usr\local\mysql-5.5\bin\mysqld.exe: ready for connections.
Version: '5.5.25'  socket: ''  port: 3306  MySQL Community Server (GPL)
140823  1:08:36 [Note] Plugin 'FEDERATED' is disabled.
140823  1:08:36 InnoDB: The InnoDB memory heap is disabled
140823  1:08:36 InnoDB: Mutexes and rw_locks use Windows interlocked functions
140823  1:08:36 InnoDB: Compressed tables use zlib 1.2.3
140823  1:08:36 InnoDB: Initializing buffer pool, size = 128.0M
140823  1:08:37 InnoDB: Completed initialization of buffer pool
140823  1:08:37 InnoDB: highest supported file format is Barracuda.
InnoDB: The log sequence number in ibdata files does not match
InnoDB: the log sequence number in the ib_logfiles!
140823  1:08:37  InnoDB: Database was not shut down normally!
InnoDB: Starting crash recovery.
InnoDB: Reading tablespace information from the .ibd files...
InnoDB: Restoring possible half-written data pages from the doublewrite
InnoDB: buffer...
140823  1:08:39  InnoDB: Waiting for the background threads to start
140823  1:08:40 InnoDB: 1.1.8 started; log sequence number 11408055
140823  1:08:40 [Note] Server hostname (bind-address): '127.0.0.1'; port: 3306
140823  1:08:40 [Note]   - '127.0.0.1' resolves to '127.0.0.1';
140823  1:08:40 [Note] Server socket created on IP: '127.0.0.1'.
140823  1:08:40 [Note] Event Scheduler: Loaded 0 events
140823  1:08:40 [Note] \usr\local\mysql-5.5\bin\mysqld.exe: ready for connections.
Version: '5.5.25'  socket: ''  port: 3306  MySQL Community Server (GPL)
