140713  3:21:01 [Note] Plugin 'FEDERATED' is disabled.
140713  3:21:01 InnoDB: The InnoDB memory heap is disabled
140713  3:21:01 InnoDB: Mutexes and rw_locks use Windows interlocked functions
140713  3:21:01 InnoDB: Compressed tables use zlib 1.2.3
140713  3:21:01 InnoDB: Initializing buffer pool, size = 128.0M
140713  3:21:01 InnoDB: Completed initialization of buffer pool
InnoDB: The first specified data file .\ibdata1 did not exist:
InnoDB: a new database to be created!
140713  3:21:01  InnoDB: Setting file .\ibdata1 size to 10 MB
InnoDB: Database physically writes the file full: wait...
140713  3:21:02  InnoDB: Log file .\ib_logfile0 did not exist: new to be created
InnoDB: Setting log file .\ib_logfile0 size to 5 MB
InnoDB: Database physically writes the file full: wait...
140713  3:21:02  InnoDB: Log file .\ib_logfile1 did not exist: new to be created
InnoDB: Setting log file .\ib_logfile1 size to 5 MB
InnoDB: Database physically writes the file full: wait...
InnoDB: Doublewrite buffer not found: creating new
InnoDB: Doublewrite buffer created
InnoDB: 127 rollback segment(s) active.
InnoDB: Creating foreign key constraint system tables
InnoDB: Foreign key constraint system tables created
140713  3:21:03  InnoDB: Waiting for the background threads to start
140713  3:21:04 InnoDB: 1.1.8 started; log sequence number 0
140713  3:21:04 [Note] Server hostname (bind-address): '127.0.0.1'; port: 3306
140713  3:21:04 [Note]   - '127.0.0.1' resolves to '127.0.0.1';
140713  3:21:04 [Note] Server socket created on IP: '127.0.0.1'.
140713  3:21:04 [Note] Event Scheduler: Loaded 0 events
140713  3:21:04 [Note] \usr\local\mysql-5.5\bin\mysqld.exe: ready for connections.
Version: '5.5.25'  socket: ''  port: 3306  MySQL Community Server (GPL)
140722 23:39:15 [Note] Plugin 'FEDERATED' is disabled.
140722 23:39:15 InnoDB: The InnoDB memory heap is disabled
140722 23:39:15 InnoDB: Mutexes and rw_locks use Windows interlocked functions
140722 23:39:15 InnoDB: Compressed tables use zlib 1.2.3
140722 23:39:15 InnoDB: Initializing buffer pool, size = 128.0M
140722 23:39:15 InnoDB: Completed initialization of buffer pool
140722 23:39:15 InnoDB: highest supported file format is Barracuda.
InnoDB: The log sequence number in ibdata files does not match
InnoDB: the log sequence number in the ib_logfiles!
140722 23:39:15  InnoDB: Database was not shut down normally!
InnoDB: Starting crash recovery.
InnoDB: Reading tablespace information from the .ibd files...
InnoDB: Restoring possible half-written data pages from the doublewrite
InnoDB: buffer...
140722 23:39:15  InnoDB: Waiting for the background threads to start
140722 23:39:16 InnoDB: 1.1.8 started; log sequence number 1595675
140722 23:39:16 [Note] Server hostname (bind-address): '127.0.0.1'; port: 3306
140722 23:39:16 [Note]   - '127.0.0.1' resolves to '127.0.0.1';
140722 23:39:16 [Note] Server socket created on IP: '127.0.0.1'.
140722 23:39:17 [Note] Event Scheduler: Loaded 0 events
140722 23:39:17 [Note] \usr\local\mysql-5.5\bin\mysqld.exe: ready for connections.
Version: '5.5.25'  socket: ''  port: 3306  MySQL Community Server (GPL)
140723  0:12:42 [Note] Plugin 'FEDERATED' is disabled.
140723  0:12:42 InnoDB: The InnoDB memory heap is disabled
140723  0:12:42 InnoDB: Mutexes and rw_locks use Windows interlocked functions
140723  0:12:42 InnoDB: Compressed tables use zlib 1.2.3
140723  0:12:42 InnoDB: Initializing buffer pool, size = 128.0M
140723  0:12:42 InnoDB: Completed initialization of buffer pool
140723  0:12:42 InnoDB: highest supported file format is Barracuda.
InnoDB: The log sequence number in ibdata files does not match
InnoDB: the log sequence number in the ib_logfiles!
140723  0:12:42  InnoDB: Database was not shut down normally!
InnoDB: Starting crash recovery.
InnoDB: Reading tablespace information from the .ibd files...
InnoDB: Restoring possible half-written data pages from the doublewrite
InnoDB: buffer...
140723  0:12:42  InnoDB: Waiting for the background threads to start
140723  0:12:43 InnoDB: 1.1.8 started; log sequence number 1595675
140723  0:12:43 [Note] Server hostname (bind-address): '127.0.0.1'; port: 3306
140723  0:12:43 [Note]   - '127.0.0.1' resolves to '127.0.0.1';
140723  0:12:43 [Note] Server socket created on IP: '127.0.0.1'.
140723  0:12:43 [Note] Event Scheduler: Loaded 0 events
140723  0:12:43 [Note] \usr\local\mysql-5.5\bin\mysqld.exe: ready for connections.
Version: '5.5.25'  socket: ''  port: 3306  MySQL Community Server (GPL)
140723  0:44:11 [Note] Plugin 'FEDERATED' is disabled.
140723  0:44:11 InnoDB: The InnoDB memory heap is disabled
140723  0:44:11 InnoDB: Mutexes and rw_locks use Windows interlocked functions
140723  0:44:11 InnoDB: Compressed tables use zlib 1.2.3
140723  0:44:11 InnoDB: Initializing buffer pool, size = 128.0M
140723  0:44:11 InnoDB: Completed initialization of buffer pool
140723  0:44:12 InnoDB: highest supported file format is Barracuda.
InnoDB: The log sequence number in ibdata files does not match
InnoDB: the log sequence number in the ib_logfiles!
140723  0:44:12  InnoDB: Database was not shut down normally!
InnoDB: Starting crash recovery.
InnoDB: Reading tablespace information from the .ibd files...
InnoDB: Restoring possible half-written data pages from the doublewrite
InnoDB: buffer...
140723  0:44:12  InnoDB: Waiting for the background threads to start
140723  0:44:13 InnoDB: 1.1.8 started; log sequence number 1595675
140723  0:44:13 [Note] Server hostname (bind-address): '127.0.0.1'; port: 3306
140723  0:44:13 [Note]   - '127.0.0.1' resolves to '127.0.0.1';
140723  0:44:13 [Note] Server socket created on IP: '127.0.0.1'.
140723  0:44:13 [Note] Event Scheduler: Loaded 0 events
140723  0:44:13 [Note] \usr\local\mysql-5.5\bin\mysqld.exe: ready for connections.
Version: '5.5.25'  socket: ''  port: 3306  MySQL Community Server (GPL)
140723  0:46:17 [Note] Plugin 'FEDERATED' is disabled.
140723  0:46:17 InnoDB: The InnoDB memory heap is disabled
140723  0:46:17 InnoDB: Mutexes and rw_locks use Windows interlocked functions
140723  0:46:17 InnoDB: Compressed tables use zlib 1.2.3
140723  0:46:17 InnoDB: Initializing buffer pool, size = 128.0M
140723  0:46:17 InnoDB: Completed initialization of buffer pool
140723  0:46:17 InnoDB: highest supported file format is Barracuda.
InnoDB: The log sequence number in ibdata files does not match
InnoDB: the log sequence number in the ib_logfiles!
140723  0:46:17  InnoDB: Database was not shut down normally!
InnoDB: Starting crash recovery.
InnoDB: Reading tablespace information from the .ibd files...
InnoDB: Restoring possible half-written data pages from the doublewrite
InnoDB: buffer...
140723  0:46:17  InnoDB: Waiting for the background threads to start
140723  0:46:18 InnoDB: 1.1.8 started; log sequence number 1595675
140723  0:46:18 [Note] Server hostname (bind-address): '127.0.0.1'; port: 3306
140723  0:46:18 [Note]   - '127.0.0.1' resolves to '127.0.0.1';
140723  0:46:18 [Note] Server socket created on IP: '127.0.0.1'.
140723  0:46:19 [Note] Event Scheduler: Loaded 0 events
140723  0:46:19 [Note] \usr\local\mysql-5.5\bin\mysqld.exe: ready for connections.
Version: '5.5.25'  socket: ''  port: 3306  MySQL Community Server (GPL)
140723  1:35:00 [Note] Plugin 'FEDERATED' is disabled.
140723  1:35:00 InnoDB: The InnoDB memory heap is disabled
140723  1:35:00 InnoDB: Mutexes and rw_locks use Windows interlocked functions
140723  1:35:00 InnoDB: Compressed tables use zlib 1.2.3
140723  1:35:00 InnoDB: Initializing buffer pool, size = 128.0M
140723  1:35:00 InnoDB: Completed initialization of buffer pool
140723  1:35:00 InnoDB: highest supported file format is Barracuda.
InnoDB: The log sequence number in ibdata files does not match
InnoDB: the log sequence number in the ib_logfiles!
140723  1:35:00  InnoDB: Database was not shut down normally!
InnoDB: Starting crash recovery.
InnoDB: Reading tablespace information from the .ibd files...
InnoDB: Restoring possible half-written data pages from the doublewrite
InnoDB: buffer...
140723  1:35:01  InnoDB: Waiting for the background threads to start
140723  1:35:02 InnoDB: 1.1.8 started; log sequence number 2667912
140723  1:35:02 [Note] Server hostname (bind-address): '127.0.0.1'; port: 3306
140723  1:35:02 [Note]   - '127.0.0.1' resolves to '127.0.0.1';
140723  1:35:02 [Note] Server socket created on IP: '127.0.0.1'.
140723  1:35:02 [Note] Event Scheduler: Loaded 0 events
140723  1:35:02 [Note] \usr\local\mysql-5.5\bin\mysqld.exe: ready for connections.
Version: '5.5.25'  socket: ''  port: 3306  MySQL Community Server (GPL)
140723  9:53:28 [Note] Plugin 'FEDERATED' is disabled.
140723  9:53:28 InnoDB: The InnoDB memory heap is disabled
140723  9:53:28 InnoDB: Mutexes and rw_locks use Windows interlocked functions
140723  9:53:28 InnoDB: Compressed tables use zlib 1.2.3
140723  9:53:28 InnoDB: Initializing buffer pool, size = 128.0M
140723  9:53:28 InnoDB: Completed initialization of buffer pool
140723  9:53:28 InnoDB: highest supported file format is Barracuda.
InnoDB: The log sequence number in ibdata files does not match
InnoDB: the log sequence number in the ib_logfiles!
140723  9:53:28  InnoDB: Database was not shut down normally!
InnoDB: Starting crash recovery.
InnoDB: Reading tablespace information from the .ibd files...
InnoDB: Restoring possible half-written data pages from the doublewrite
InnoDB: buffer...
140723  9:53:30  InnoDB: Waiting for the background threads to start
140723  9:53:31 InnoDB: 1.1.8 started; log sequence number 3755353
140723  9:53:31 [Note] Server hostname (bind-address): '127.0.0.1'; port: 3306
140723  9:53:31 [Note]   - '127.0.0.1' resolves to '127.0.0.1';
140723  9:53:31 [Note] Server socket created on IP: '127.0.0.1'.
140723  9:53:31 [Note] Event Scheduler: Loaded 0 events
140723  9:53:31 [Note] \usr\local\mysql-5.5\bin\mysqld.exe: ready for connections.
Version: '5.5.25'  socket: ''  port: 3306  MySQL Community Server (GPL)
140804 21:53:02 [Note] Plugin 'FEDERATED' is disabled.
140804 21:53:02 InnoDB: The InnoDB memory heap is disabled
140804 21:53:02 InnoDB: Mutexes and rw_locks use Windows interlocked functions
140804 21:53:02 InnoDB: Compressed tables use zlib 1.2.3
140804 21:53:02 InnoDB: Initializing buffer pool, size = 128.0M
140804 21:53:02 InnoDB: Completed initialization of buffer pool
140804 21:53:02 InnoDB: highest supported file format is Barracuda.
InnoDB: The log sequence number in ibdata files does not match
InnoDB: the log sequence number in the ib_logfiles!
140804 21:53:02  InnoDB: Database was not shut down normally!
InnoDB: Starting crash recovery.
InnoDB: Reading tablespace information from the .ibd files...
InnoDB: Restoring possible half-written data pages from the doublewrite
InnoDB: buffer...
140804 21:53:03  InnoDB: Waiting for the background threads to start
140804 21:53:04 InnoDB: 1.1.8 started; log sequence number 3773351
140804 21:53:04 [Note] Server hostname (bind-address): '127.0.0.1'; port: 3306
140804 21:53:04 [Note]   - '127.0.0.1' resolves to '127.0.0.1';
140804 21:53:04 [Note] Server socket created on IP: '127.0.0.1'.
140804 21:53:05 [Note] Event Scheduler: Loaded 0 events
140804 21:53:05 [Note] \usr\local\mysql-5.5\bin\mysqld.exe: ready for connections.
Version: '5.5.25'  socket: ''  port: 3306  MySQL Community Server (GPL)
140825  0:22:36 [Note] Plugin 'FEDERATED' is disabled.
140825  0:22:36 InnoDB: The InnoDB memory heap is disabled
140825  0:22:36 InnoDB: Mutexes and rw_locks use Windows interlocked functions
140825  0:22:36 InnoDB: Compressed tables use zlib 1.2.3
140825  0:22:36 InnoDB: Initializing buffer pool, size = 128.0M
140825  0:22:36 InnoDB: Completed initialization of buffer pool
140825  0:22:36 InnoDB: highest supported file format is Barracuda.
InnoDB: The log sequence number in ibdata files does not match
InnoDB: the log sequence number in the ib_logfiles!
140825  0:22:36  InnoDB: Database was not shut down normally!
InnoDB: Starting crash recovery.
InnoDB: Reading tablespace information from the .ibd files...
InnoDB: Restoring possible half-written data pages from the doublewrite
InnoDB: buffer...
140825  0:23:01  InnoDB: Waiting for the background threads to start
140825  0:23:02 InnoDB: 1.1.8 started; log sequence number 13131308
140825  0:23:02 [Note] Server hostname (bind-address): '127.0.0.1'; port: 3306
140825  0:23:02 [Note]   - '127.0.0.1' resolves to '127.0.0.1';
140825  0:23:02 [Note] Server socket created on IP: '127.0.0.1'.
140825  0:23:11 [Note] Event Scheduler: Loaded 0 events
140825  0:23:11 [Note] \usr\local\mysql-5.5\bin\mysqld.exe: ready for connections.
Version: '5.5.25'  socket: ''  port: 3306  MySQL Community Server (GPL)
140825  2:43:23 [Note] Plugin 'FEDERATED' is disabled.
140825  2:43:23 InnoDB: The InnoDB memory heap is disabled
140825  2:43:23 InnoDB: Mutexes and rw_locks use Windows interlocked functions
140825  2:43:23 InnoDB: Compressed tables use zlib 1.2.3
140825  2:43:23 InnoDB: Initializing buffer pool, size = 128.0M
140825  2:43:23 InnoDB: Completed initialization of buffer pool
140825  2:43:23 InnoDB: highest supported file format is Barracuda.
InnoDB: The log sequence number in ibdata files does not match
InnoDB: the log sequence number in the ib_logfiles!
140825  2:43:23  InnoDB: Database was not shut down normally!
InnoDB: Starting crash recovery.
InnoDB: Reading tablespace information from the .ibd files...
InnoDB: Restoring possible half-written data pages from the doublewrite
InnoDB: buffer...
140825  2:43:24  InnoDB: Waiting for the background threads to start
140825  2:43:25 InnoDB: 1.1.8 started; log sequence number 14351011
140825  2:43:25 [Note] Server hostname (bind-address): '127.0.0.1'; port: 3306
140825  2:43:25 [Note]   - '127.0.0.1' resolves to '127.0.0.1';
140825  2:43:25 [Note] Server socket created on IP: '127.0.0.1'.
140825  2:43:25 [Note] Event Scheduler: Loaded 0 events
140825  2:43:25 [Note] \usr\local\mysql-5.5\bin\mysqld.exe: ready for connections.
Version: '5.5.25'  socket: ''  port: 3306  MySQL Community Server (GPL)
